<?xml version="1.0" encoding="UTF-8"?>
<!-- Generated by org.testng.reporters.JUnitReportReporter -->
<testsuite hostname="Toshiba-TOSH" name="PageObjectModel.TestSuit" tests="1" failures="0" timestamp="1 Jun 2019 16:19:25 GMT" time="13.278" errors="0">
  <testcase name="userShouldBeAbleToNavigateToHomePage" time="13.278" classname="PageObjectModel.TestSuit"/>
</testsuite> <!-- PageObjectModel.TestSuit -->
